<?xml version="1.0" encoding="UTF-8"?>
<!-- Generated by org.testng.reporters.JUnitXMLReporter -->
<testsuite ignored="0" hostname="DESKTOP-JT0GUHN" failures="1" tests="2" name="Test" time="9.395" errors="0" timestamp="27 Aug. 2021 21:31:19 GMT">
  <testcase classname="com.qa.test.LoginPageTest" name="loginApp" time="0.349"/>
  <testcase classname="com.qa.test.LoginPageTest" name="verifyTitle" time="0.006">
    <failure type="java.lang.AssertionError" message="expected [Guru99 Bank Home Page11] but found [Guru99 Bank Home Page]">
      <![CDATA[java.lang.AssertionError: expected [Guru99 Bank Home Page11] but found [Guru99 Bank Home Page]
at com.qa.test.LoginPageTest.verifyTitle(LoginPageTest.java:37)
... Removed 31 stack frames]]>
    </failure>
  </testcase> <!-- verifyTitle -->
</testsuite> <!-- Test -->
